INFO  | 2025-01-21 21:37:32 | [main] controller.Main (Main.java:17) - Getting all books from main
INFO  | 2025-01-21 21:37:33 | [main] factory.GetConnection (GetConnection.java:31) - Driver loaded
INFO  | 2025-01-21 21:37:33 | [main] factory.GetConnection (GetConnection.java:33) - Database connected
INFO  | 2025-01-21 21:37:33 | [main] implementation.BookStoreDaoJDBCImpl (BookStoreDaoJDBCImpl.java:24) - BookStoreDaoJDBCImpl
INFO  | 2025-01-21 21:37:33 | [main] implementation.BookStoreDaoJDBCImpl (BookStoreDaoJDBCImpl.java:25) - getAllBooks
INFO  | 2025-01-21 21:37:33 | [main] controller.Main (Main.java:25) - Done getting all the books
INFO  | 2025-01-21 21:47:44 | [main] controller.Main (Main.java:19) - Getting all books from main
INFO  | 2025-01-21 21:47:44 | [main] factory.GetConnection (GetConnection.java:31) - Driver loaded
INFO  | 2025-01-21 21:47:45 | [main] factory.GetConnection (GetConnection.java:33) - Database connected
INFO  | 2025-01-21 21:47:45 | [main] implementation.BookStoreDaoJDBCImpl (BookStoreDaoJDBCImpl.java:24) - BookStoreDaoJDBCImpl
INFO  | 2025-01-21 21:47:45 | [main] implementation.BookStoreDaoJDBCImpl (BookStoreDaoJDBCImpl.java:25) - getAllBooks
INFO  | 2025-01-21 21:47:45 | [main] controller.Main (Main.java:27) - Done getting all the books
INFO  | 2025-01-21 21:47:45 | [main] controller.Main (Main.java:38) - Getting book by id from main
INFO  | 2025-01-21 21:47:45 | [main] implementation.BookStoreDaoJDBCImpl (BookStoreDaoJDBCImpl.java:106) - BookStoreDaoJDBCImpl
INFO  | 2025-01-21 21:47:45 | [main] implementation.BookStoreDaoJDBCImpl (BookStoreDaoJDBCImpl.java:107) - getBookById
INFO  | 2025-01-21 21:47:45 | [main] controller.Main (Main.java:42) - Done getting the book by id
INFO  | 2025-01-21 21:48:38 | [main] controller.Main (Main.java:19) - Getting all books from main
INFO  | 2025-01-21 21:48:38 | [main] factory.GetConnection (GetConnection.java:31) - Driver loaded
INFO  | 2025-01-21 21:48:39 | [main] factory.GetConnection (GetConnection.java:33) - Database connected
INFO  | 2025-01-21 21:48:39 | [main] implementation.BookStoreDaoJDBCImpl (BookStoreDaoJDBCImpl.java:24) - BookStoreDaoJDBCImpl
INFO  | 2025-01-21 21:48:39 | [main] implementation.BookStoreDaoJDBCImpl (BookStoreDaoJDBCImpl.java:25) - getAllBooks
INFO  | 2025-01-21 21:48:39 | [main] controller.Main (Main.java:27) - Done getting all the books
INFO  | 2025-01-21 21:48:39 | [main] controller.Main (Main.java:40) - Getting book by id from main
INFO  | 2025-01-21 21:48:39 | [main] implementation.BookStoreDaoJDBCImpl (BookStoreDaoJDBCImpl.java:106) - BookStoreDaoJDBCImpl
INFO  | 2025-01-21 21:48:39 | [main] implementation.BookStoreDaoJDBCImpl (BookStoreDaoJDBCImpl.java:107) - getBookById
INFO  | 2025-01-21 21:48:39 | [main] controller.Main (Main.java:44) - Done getting the book by id
INFO  | 2025-01-21 21:50:26 | [main] controller.Main (Main.java:21) - Getting all books from main
INFO  | 2025-01-21 21:50:26 | [main] factory.GetConnection (GetConnection.java:31) - Driver loaded
INFO  | 2025-01-21 21:50:27 | [main] factory.GetConnection (GetConnection.java:33) - Database connected
INFO  | 2025-01-21 21:50:27 | [main] implementation.BookStoreDaoJDBCImpl (BookStoreDaoJDBCImpl.java:24) - BookStoreDaoJDBCImpl
INFO  | 2025-01-21 21:50:27 | [main] implementation.BookStoreDaoJDBCImpl (BookStoreDaoJDBCImpl.java:25) - getAllBooks
INFO  | 2025-01-21 21:50:27 | [main] controller.Main (Main.java:29) - Done getting all the books
INFO  | 2025-01-21 21:50:27 | [main] controller.Main (Main.java:42) - Getting book by id from main
INFO  | 2025-01-21 21:50:27 | [main] implementation.BookStoreDaoJDBCImpl (BookStoreDaoJDBCImpl.java:106) - BookStoreDaoJDBCImpl
INFO  | 2025-01-21 21:50:27 | [main] implementation.BookStoreDaoJDBCImpl (BookStoreDaoJDBCImpl.java:107) - getBookById
INFO  | 2025-01-21 21:50:27 | [main] controller.Main (Main.java:46) - Done getting the book by id
INFO  | 2025-01-21 21:50:27 | [main] controller.Main (Main.java:59) - Adding book from main
INFO  | 2025-01-21 21:50:27 | [main] implementation.BookStoreDaoJDBCImpl (BookStoreDaoJDBCImpl.java:47) - BookStoreDaoJDBCImpl
INFO  | 2025-01-21 21:50:27 | [main] implementation.BookStoreDaoJDBCImpl (BookStoreDaoJDBCImpl.java:48) - addBook
INFO  | 2025-01-21 21:50:27 | [main] controller.Main (Main.java:64) - Done adding the book
INFO  | 2025-01-21 21:57:50 | [main] controller.Main (Main.java:21) - Getting all books from main
INFO  | 2025-01-21 21:57:50 | [main] factory.GetConnection (GetConnection.java:31) - Driver loaded
INFO  | 2025-01-21 21:57:50 | [main] factory.GetConnection (GetConnection.java:33) - Database connected
INFO  | 2025-01-21 21:57:50 | [main] implementation.BookStoreDaoJDBCImpl (BookStoreDaoJDBCImpl.java:24) - BookStoreDaoJDBCImpl
INFO  | 2025-01-21 21:57:50 | [main] implementation.BookStoreDaoJDBCImpl (BookStoreDaoJDBCImpl.java:25) - getAllBooks
INFO  | 2025-01-21 21:57:50 | [main] controller.Main (Main.java:29) - Done getting all the books
INFO  | 2025-01-21 21:57:50 | [main] controller.Main (Main.java:42) - Getting book by id from main
INFO  | 2025-01-21 21:57:50 | [main] implementation.BookStoreDaoJDBCImpl (BookStoreDaoJDBCImpl.java:106) - BookStoreDaoJDBCImpl
INFO  | 2025-01-21 21:57:50 | [main] implementation.BookStoreDaoJDBCImpl (BookStoreDaoJDBCImpl.java:107) - getBookById
INFO  | 2025-01-21 21:57:50 | [main] controller.Main (Main.java:46) - Done getting the book by id
INFO  | 2025-01-21 21:57:50 | [main] controller.Main (Main.java:59) - Adding book from main
INFO  | 2025-01-21 21:57:50 | [main] implementation.BookStoreDaoJDBCImpl (BookStoreDaoJDBCImpl.java:47) - BookStoreDaoJDBCImpl
INFO  | 2025-01-21 21:57:50 | [main] implementation.BookStoreDaoJDBCImpl (BookStoreDaoJDBCImpl.java:48) - addBook
INFO  | 2025-01-21 21:57:50 | [main] controller.Main (Main.java:64) - Done adding the book
INFO  | 2025-01-21 21:57:50 | [main] controller.Main (Main.java:75) - Deleting a book
INFO  | 2025-01-21 21:57:50 | [main] implementation.BookStoreDaoJDBCImpl (BookStoreDaoJDBCImpl.java:70) - BookStoreDaoJDBCImpl
INFO  | 2025-01-21 21:57:50 | [main] implementation.BookStoreDaoJDBCImpl (BookStoreDaoJDBCImpl.java:71) - deleteBook
INFO  | 2025-01-21 21:57:50 | [main] controller.Main (Main.java:93) - Updating a book
INFO  | 2025-01-21 21:57:50 | [main] implementation.BookStoreDaoJDBCImpl (BookStoreDaoJDBCImpl.java:86) - BookStoreDaoJDBCImpl
INFO  | 2025-01-21 21:57:50 | [main] implementation.BookStoreDaoJDBCImpl (BookStoreDaoJDBCImpl.java:87) - updateBook
INFO  | 2025-01-21 22:37:43 | [main] factory.GetConnection (GetConnection.java:31) - Driver loaded
INFO  | 2025-01-21 22:37:43 | [main] factory.GetConnection (GetConnection.java:33) - Database connected
INFO  | 2025-01-21 22:37:43 | [main] implementation.BookStoreDaoJDBCImpl (BookStoreDaoJDBCImpl.java:24) - BookStoreDaoJDBCImpl
INFO  | 2025-01-21 22:37:43 | [main] implementation.BookStoreDaoJDBCImpl (BookStoreDaoJDBCImpl.java:25) - getAllBooks
INFO  | 2025-01-21 22:38:01 | [main] factory.GetConnection (GetConnection.java:31) - Driver loaded
INFO  | 2025-01-21 22:38:01 | [main] factory.GetConnection (GetConnection.java:33) - Database connected
INFO  | 2025-01-21 22:38:01 | [main] implementation.BookStoreDaoJDBCImpl (BookStoreDaoJDBCImpl.java:24) - BookStoreDaoJDBCImpl
INFO  | 2025-01-21 22:38:01 | [main] implementation.BookStoreDaoJDBCImpl (BookStoreDaoJDBCImpl.java:25) - getAllBooks
INFO  | 2025-01-21 22:39:17 | [main] factory.GetConnection (GetConnection.java:31) - Driver loaded
INFO  | 2025-01-21 22:39:17 | [main] factory.GetConnection (GetConnection.java:33) - Database connected
INFO  | 2025-01-21 22:39:17 | [main] implementation.BookStoreDaoJDBCImpl (BookStoreDaoJDBCImpl.java:24) - BookStoreDaoJDBCImpl
INFO  | 2025-01-21 22:39:17 | [main] implementation.BookStoreDaoJDBCImpl (BookStoreDaoJDBCImpl.java:25) - getAllBooks
INFO  | 2025-01-21 22:41:54 | [main] factory.GetConnection (GetConnection.java:31) - Driver loaded
INFO  | 2025-01-21 22:41:54 | [main] factory.GetConnection (GetConnection.java:33) - Database connected
INFO  | 2025-01-21 22:41:55 | [main] implementation.BookStoreDaoJDBCImpl (BookStoreDaoJDBCImpl.java:47) - BookStoreDaoJDBCImpl
INFO  | 2025-01-21 22:41:55 | [main] implementation.BookStoreDaoJDBCImpl (BookStoreDaoJDBCImpl.java:48) - addBook
INFO  | 2025-01-21 22:41:55 | [main] factory.GetConnection (GetConnection.java:31) - Driver loaded
INFO  | 2025-01-21 22:41:55 | [main] factory.GetConnection (GetConnection.java:33) - Database connected
INFO  | 2025-01-21 22:41:55 | [main] implementation.BookStoreDaoJDBCImpl (BookStoreDaoJDBCImpl.java:24) - BookStoreDaoJDBCImpl
INFO  | 2025-01-21 22:41:55 | [main] implementation.BookStoreDaoJDBCImpl (BookStoreDaoJDBCImpl.java:25) - getAllBooks
INFO  | 2025-01-21 22:48:44 | [main] factory.GetConnection (GetConnection.java:31) - Driver loaded
INFO  | 2025-01-21 22:48:45 | [main] factory.GetConnection (GetConnection.java:33) - Database connected
INFO  | 2025-01-21 22:48:45 | [main] implementation.BookStoreDaoJDBCImpl (BookStoreDaoJDBCImpl.java:24) - BookStoreDaoJDBCImpl
INFO  | 2025-01-21 22:48:45 | [main] implementation.BookStoreDaoJDBCImpl (BookStoreDaoJDBCImpl.java:25) - getAllBooks
INFO  | 2025-01-21 22:48:45 | [main] factory.GetConnection (GetConnection.java:31) - Driver loaded
INFO  | 2025-01-21 22:48:45 | [main] factory.GetConnection (GetConnection.java:33) - Database connected
INFO  | 2025-01-21 22:48:45 | [main] implementation.BookStoreDaoJDBCImpl (BookStoreDaoJDBCImpl.java:47) - BookStoreDaoJDBCImpl
INFO  | 2025-01-21 22:48:45 | [main] implementation.BookStoreDaoJDBCImpl (BookStoreDaoJDBCImpl.java:48) - addBook
INFO  | 2025-01-21 22:49:27 | [main] factory.GetConnection (GetConnection.java:31) - Driver loaded
INFO  | 2025-01-21 22:49:28 | [main] factory.GetConnection (GetConnection.java:33) - Database connected
INFO  | 2025-01-21 22:49:28 | [main] implementation.BookStoreDaoJDBCImpl (BookStoreDaoJDBCImpl.java:24) - BookStoreDaoJDBCImpl
INFO  | 2025-01-21 22:49:28 | [main] implementation.BookStoreDaoJDBCImpl (BookStoreDaoJDBCImpl.java:25) - getAllBooks
INFO  | 2025-01-21 22:49:28 | [main] factory.GetConnection (GetConnection.java:31) - Driver loaded
INFO  | 2025-01-21 22:49:28 | [main] factory.GetConnection (GetConnection.java:33) - Database connected
INFO  | 2025-01-21 22:49:28 | [main] implementation.BookStoreDaoJDBCImpl (BookStoreDaoJDBCImpl.java:106) - BookStoreDaoJDBCImpl
INFO  | 2025-01-21 22:49:28 | [main] implementation.BookStoreDaoJDBCImpl (BookStoreDaoJDBCImpl.java:107) - getBookById
INFO  | 2025-01-21 22:50:15 | [main] factory.GetConnection (GetConnection.java:31) - Driver loaded
INFO  | 2025-01-21 22:50:16 | [main] factory.GetConnection (GetConnection.java:33) - Database connected
INFO  | 2025-01-21 22:50:16 | [main] implementation.BookStoreDaoJDBCImpl (BookStoreDaoJDBCImpl.java:24) - BookStoreDaoJDBCImpl
INFO  | 2025-01-21 22:50:16 | [main] implementation.BookStoreDaoJDBCImpl (BookStoreDaoJDBCImpl.java:25) - getAllBooks
INFO  | 2025-01-21 22:50:16 | [main] factory.GetConnection (GetConnection.java:31) - Driver loaded
INFO  | 2025-01-21 22:50:16 | [main] factory.GetConnection (GetConnection.java:33) - Database connected
INFO  | 2025-01-21 22:50:16 | [main] implementation.BookStoreDaoJDBCImpl (BookStoreDaoJDBCImpl.java:106) - BookStoreDaoJDBCImpl
INFO  | 2025-01-21 22:50:16 | [main] implementation.BookStoreDaoJDBCImpl (BookStoreDaoJDBCImpl.java:107) - getBookById
INFO  | 2025-01-21 22:50:16 | [main] factory.GetConnection (GetConnection.java:31) - Driver loaded
INFO  | 2025-01-21 22:50:16 | [main] factory.GetConnection (GetConnection.java:33) - Database connected
INFO  | 2025-01-21 22:50:16 | [main] implementation.BookStoreDaoJDBCImpl (BookStoreDaoJDBCImpl.java:106) - BookStoreDaoJDBCImpl
INFO  | 2025-01-21 22:50:16 | [main] implementation.BookStoreDaoJDBCImpl (BookStoreDaoJDBCImpl.java:107) - getBookById
INFO  | 2025-01-21 22:59:21 | [main] factory.GetConnection (GetConnection.java:31) - Driver loaded
INFO  | 2025-01-21 22:59:22 | [main] factory.GetConnection (GetConnection.java:33) - Database connected
INFO  | 2025-01-21 22:59:22 | [main] implementation.BookStoreDaoJDBCImpl (BookStoreDaoJDBCImpl.java:24) - BookStoreDaoJDBCImpl
INFO  | 2025-01-21 22:59:22 | [main] implementation.BookStoreDaoJDBCImpl (BookStoreDaoJDBCImpl.java:25) - getAllBooks
INFO  | 2025-01-21 22:59:22 | [main] factory.GetConnection (GetConnection.java:31) - Driver loaded
INFO  | 2025-01-21 22:59:22 | [main] factory.GetConnection (GetConnection.java:33) - Database connected
INFO  | 2025-01-21 22:59:22 | [main] implementation.BookStoreDaoJDBCImpl (BookStoreDaoJDBCImpl.java:47) - BookStoreDaoJDBCImpl
INFO  | 2025-01-21 22:59:22 | [main] implementation.BookStoreDaoJDBCImpl (BookStoreDaoJDBCImpl.java:48) - addBook
INFO  | 2025-01-21 22:59:22 | [main] factory.GetConnection (GetConnection.java:31) - Driver loaded
INFO  | 2025-01-21 22:59:22 | [main] factory.GetConnection (GetConnection.java:33) - Database connected
INFO  | 2025-01-21 22:59:22 | [main] implementation.BookStoreDaoJDBCImpl (BookStoreDaoJDBCImpl.java:106) - BookStoreDaoJDBCImpl
INFO  | 2025-01-21 22:59:22 | [main] implementation.BookStoreDaoJDBCImpl (BookStoreDaoJDBCImpl.java:107) - getBookById
INFO  | 2025-01-21 22:59:22 | [main] factory.GetConnection (GetConnection.java:31) - Driver loaded
INFO  | 2025-01-21 22:59:22 | [main] factory.GetConnection (GetConnection.java:33) - Database connected
INFO  | 2025-01-21 22:59:22 | [main] implementation.BookStoreDaoJDBCImpl (BookStoreDaoJDBCImpl.java:106) - BookStoreDaoJDBCImpl
INFO  | 2025-01-21 22:59:22 | [main] implementation.BookStoreDaoJDBCImpl (BookStoreDaoJDBCImpl.java:107) - getBookById
INFO  | 2025-01-21 22:59:38 | [main] factory.GetConnection (GetConnection.java:31) - Driver loaded
INFO  | 2025-01-21 22:59:39 | [main] factory.GetConnection (GetConnection.java:33) - Database connected
INFO  | 2025-01-21 22:59:39 | [main] implementation.BookStoreDaoJDBCImpl (BookStoreDaoJDBCImpl.java:24) - BookStoreDaoJDBCImpl
INFO  | 2025-01-21 22:59:39 | [main] implementation.BookStoreDaoJDBCImpl (BookStoreDaoJDBCImpl.java:25) - getAllBooks
INFO  | 2025-01-21 22:59:39 | [main] factory.GetConnection (GetConnection.java:31) - Driver loaded
INFO  | 2025-01-21 22:59:39 | [main] factory.GetConnection (GetConnection.java:33) - Database connected
INFO  | 2025-01-21 22:59:39 | [main] implementation.BookStoreDaoJDBCImpl (BookStoreDaoJDBCImpl.java:86) - BookStoreDaoJDBCImpl
INFO  | 2025-01-21 22:59:39 | [main] implementation.BookStoreDaoJDBCImpl (BookStoreDaoJDBCImpl.java:87) - updateBook
INFO  | 2025-01-21 22:59:39 | [main] implementation.BookStoreDaoJDBCImpl (BookStoreDaoJDBCImpl.java:106) - BookStoreDaoJDBCImpl
INFO  | 2025-01-21 22:59:39 | [main] implementation.BookStoreDaoJDBCImpl (BookStoreDaoJDBCImpl.java:107) - getBookById
INFO  | 2025-01-21 22:59:39 | [main] factory.GetConnection (GetConnection.java:31) - Driver loaded
INFO  | 2025-01-21 22:59:39 | [main] factory.GetConnection (GetConnection.java:33) - Database connected
INFO  | 2025-01-21 22:59:39 | [main] implementation.BookStoreDaoJDBCImpl (BookStoreDaoJDBCImpl.java:106) - BookStoreDaoJDBCImpl
INFO  | 2025-01-21 22:59:39 | [main] implementation.BookStoreDaoJDBCImpl (BookStoreDaoJDBCImpl.java:107) - getBookById
INFO  | 2025-01-21 22:59:39 | [main] factory.GetConnection (GetConnection.java:31) - Driver loaded
INFO  | 2025-01-21 22:59:39 | [main] factory.GetConnection (GetConnection.java:33) - Database connected
INFO  | 2025-01-21 22:59:39 | [main] implementation.BookStoreDaoJDBCImpl (BookStoreDaoJDBCImpl.java:106) - BookStoreDaoJDBCImpl
INFO  | 2025-01-21 22:59:39 | [main] implementation.BookStoreDaoJDBCImpl (BookStoreDaoJDBCImpl.java:107) - getBookById
INFO  | 2025-01-21 23:00:55 | [main] factory.GetConnection (GetConnection.java:31) - Driver loaded
INFO  | 2025-01-21 23:00:55 | [main] factory.GetConnection (GetConnection.java:33) - Database connected
INFO  | 2025-01-21 23:00:55 | [main] implementation.BookStoreDaoJDBCImpl (BookStoreDaoJDBCImpl.java:24) - BookStoreDaoJDBCImpl
INFO  | 2025-01-21 23:00:55 | [main] implementation.BookStoreDaoJDBCImpl (BookStoreDaoJDBCImpl.java:25) - getAllBooks
INFO  | 2025-01-21 23:00:55 | [main] factory.GetConnection (GetConnection.java:31) - Driver loaded
INFO  | 2025-01-21 23:00:55 | [main] factory.GetConnection (GetConnection.java:33) - Database connected
INFO  | 2025-01-21 23:00:55 | [main] implementation.BookStoreDaoJDBCImpl (BookStoreDaoJDBCImpl.java:86) - BookStoreDaoJDBCImpl
INFO  | 2025-01-21 23:00:55 | [main] implementation.BookStoreDaoJDBCImpl (BookStoreDaoJDBCImpl.java:87) - updateBook
INFO  | 2025-01-21 23:00:55 | [main] implementation.BookStoreDaoJDBCImpl (BookStoreDaoJDBCImpl.java:106) - BookStoreDaoJDBCImpl
INFO  | 2025-01-21 23:00:55 | [main] implementation.BookStoreDaoJDBCImpl (BookStoreDaoJDBCImpl.java:107) - getBookById
INFO  | 2025-01-21 23:00:55 | [main] factory.GetConnection (GetConnection.java:31) - Driver loaded
INFO  | 2025-01-21 23:00:55 | [main] factory.GetConnection (GetConnection.java:33) - Database connected
INFO  | 2025-01-21 23:00:55 | [main] implementation.BookStoreDaoJDBCImpl (BookStoreDaoJDBCImpl.java:106) - BookStoreDaoJDBCImpl
INFO  | 2025-01-21 23:00:55 | [main] implementation.BookStoreDaoJDBCImpl (BookStoreDaoJDBCImpl.java:107) - getBookById
INFO  | 2025-01-21 23:00:55 | [main] factory.GetConnection (GetConnection.java:31) - Driver loaded
INFO  | 2025-01-21 23:00:55 | [main] factory.GetConnection (GetConnection.java:33) - Database connected
INFO  | 2025-01-21 23:00:55 | [main] implementation.BookStoreDaoJDBCImpl (BookStoreDaoJDBCImpl.java:106) - BookStoreDaoJDBCImpl
INFO  | 2025-01-21 23:00:55 | [main] implementation.BookStoreDaoJDBCImpl (BookStoreDaoJDBCImpl.java:107) - getBookById
INFO  | 2025-01-21 23:03:11 | [main] factory.GetConnection (GetConnection.java:31) - Driver loaded
INFO  | 2025-01-21 23:03:12 | [main] factory.GetConnection (GetConnection.java:33) - Database connected
INFO  | 2025-01-21 23:03:12 | [main] implementation.BookStoreDaoJDBCImpl (BookStoreDaoJDBCImpl.java:24) - BookStoreDaoJDBCImpl
INFO  | 2025-01-21 23:03:12 | [main] implementation.BookStoreDaoJDBCImpl (BookStoreDaoJDBCImpl.java:25) - getAllBooks
INFO  | 2025-01-21 23:03:12 | [main] factory.GetConnection (GetConnection.java:31) - Driver loaded
INFO  | 2025-01-21 23:03:12 | [main] factory.GetConnection (GetConnection.java:33) - Database connected
INFO  | 2025-01-21 23:03:12 | [main] implementation.BookStoreDaoJDBCImpl (BookStoreDaoJDBCImpl.java:106) - BookStoreDaoJDBCImpl
INFO  | 2025-01-21 23:03:12 | [main] implementation.BookStoreDaoJDBCImpl (BookStoreDaoJDBCImpl.java:107) - getBookById
INFO  | 2025-01-21 23:03:12 | [main] factory.GetConnection (GetConnection.java:31) - Driver loaded
INFO  | 2025-01-21 23:03:12 | [main] factory.GetConnection (GetConnection.java:33) - Database connected
INFO  | 2025-01-21 23:03:12 | [main] implementation.BookStoreDaoJDBCImpl (BookStoreDaoJDBCImpl.java:70) - BookStoreDaoJDBCImpl
INFO  | 2025-01-21 23:03:12 | [main] implementation.BookStoreDaoJDBCImpl (BookStoreDaoJDBCImpl.java:71) - deleteBook
INFO  | 2025-01-21 23:03:12 | [main] implementation.BookStoreDaoJDBCImpl (BookStoreDaoJDBCImpl.java:106) - BookStoreDaoJDBCImpl
INFO  | 2025-01-21 23:03:12 | [main] implementation.BookStoreDaoJDBCImpl (BookStoreDaoJDBCImpl.java:107) - getBookById
INFO  | 2025-01-21 23:03:12 | [main] factory.GetConnection (GetConnection.java:31) - Driver loaded
INFO  | 2025-01-21 23:03:12 | [main] factory.GetConnection (GetConnection.java:33) - Database connected
INFO  | 2025-01-21 23:03:12 | [main] implementation.BookStoreDaoJDBCImpl (BookStoreDaoJDBCImpl.java:106) - BookStoreDaoJDBCImpl
INFO  | 2025-01-21 23:03:12 | [main] implementation.BookStoreDaoJDBCImpl (BookStoreDaoJDBCImpl.java:107) - getBookById
INFO  | 2025-01-21 23:04:30 | [main] factory.GetConnection (GetConnection.java:31) - Driver loaded
INFO  | 2025-01-21 23:04:30 | [main] factory.GetConnection (GetConnection.java:33) - Database connected
INFO  | 2025-01-21 23:04:30 | [main] implementation.BookStoreDaoJDBCImpl (BookStoreDaoJDBCImpl.java:24) - BookStoreDaoJDBCImpl
INFO  | 2025-01-21 23:04:30 | [main] implementation.BookStoreDaoJDBCImpl (BookStoreDaoJDBCImpl.java:25) - getAllBooks
INFO  | 2025-01-21 23:04:30 | [main] factory.GetConnection (GetConnection.java:31) - Driver loaded
INFO  | 2025-01-21 23:04:30 | [main] factory.GetConnection (GetConnection.java:33) - Database connected
INFO  | 2025-01-21 23:04:30 | [main] implementation.BookStoreDaoJDBCImpl (BookStoreDaoJDBCImpl.java:106) - BookStoreDaoJDBCImpl
INFO  | 2025-01-21 23:04:30 | [main] implementation.BookStoreDaoJDBCImpl (BookStoreDaoJDBCImpl.java:107) - getBookById
INFO  | 2025-01-21 23:04:30 | [main] factory.GetConnection (GetConnection.java:31) - Driver loaded
INFO  | 2025-01-21 23:04:30 | [main] factory.GetConnection (GetConnection.java:33) - Database connected
INFO  | 2025-01-21 23:04:30 | [main] implementation.BookStoreDaoJDBCImpl (BookStoreDaoJDBCImpl.java:70) - BookStoreDaoJDBCImpl
INFO  | 2025-01-21 23:04:30 | [main] implementation.BookStoreDaoJDBCImpl (BookStoreDaoJDBCImpl.java:71) - deleteBook
INFO  | 2025-01-21 23:04:30 | [main] implementation.BookStoreDaoJDBCImpl (BookStoreDaoJDBCImpl.java:106) - BookStoreDaoJDBCImpl
INFO  | 2025-01-21 23:04:30 | [main] implementation.BookStoreDaoJDBCImpl (BookStoreDaoJDBCImpl.java:107) - getBookById
INFO  | 2025-01-21 23:04:30 | [main] factory.GetConnection (GetConnection.java:31) - Driver loaded
INFO  | 2025-01-21 23:04:30 | [main] factory.GetConnection (GetConnection.java:33) - Database connected
INFO  | 2025-01-21 23:04:30 | [main] implementation.BookStoreDaoJDBCImpl (BookStoreDaoJDBCImpl.java:106) - BookStoreDaoJDBCImpl
INFO  | 2025-01-21 23:04:30 | [main] implementation.BookStoreDaoJDBCImpl (BookStoreDaoJDBCImpl.java:107) - getBookById
INFO  | 2025-01-21 23:15:59 | [main] factory.GetConnection (GetConnection.java:31) - Driver loaded
INFO  | 2025-01-21 23:15:59 | [main] factory.GetConnection (GetConnection.java:33) - Database connected
INFO  | 2025-01-21 23:15:59 | [main] implementation.BookStoreDaoJDBCImpl (BookStoreDaoJDBCImpl.java:47) - BookStoreDaoJDBCImpl
INFO  | 2025-01-21 23:15:59 | [main] implementation.BookStoreDaoJDBCImpl (BookStoreDaoJDBCImpl.java:48) - addBook
INFO  | 2025-01-21 23:15:59 | [main] factory.GetConnection (GetConnection.java:31) - Driver loaded
INFO  | 2025-01-21 23:15:59 | [main] factory.GetConnection (GetConnection.java:33) - Database connected
INFO  | 2025-01-21 23:15:59 | [main] implementation.BookStoreDaoJDBCImpl (BookStoreDaoJDBCImpl.java:24) - BookStoreDaoJDBCImpl
INFO  | 2025-01-21 23:15:59 | [main] implementation.BookStoreDaoJDBCImpl (BookStoreDaoJDBCImpl.java:25) - getAllBooks
INFO  | 2025-01-21 23:15:59 | [main] factory.GetConnection (GetConnection.java:31) - Driver loaded
INFO  | 2025-01-21 23:15:59 | [main] factory.GetConnection (GetConnection.java:33) - Database connected
INFO  | 2025-01-21 23:15:59 | [main] implementation.BookStoreDaoJDBCImpl (BookStoreDaoJDBCImpl.java:86) - BookStoreDaoJDBCImpl
INFO  | 2025-01-21 23:15:59 | [main] implementation.BookStoreDaoJDBCImpl (BookStoreDaoJDBCImpl.java:87) - updateBook
INFO  | 2025-01-21 23:15:59 | [main] implementation.BookStoreDaoJDBCImpl (BookStoreDaoJDBCImpl.java:106) - BookStoreDaoJDBCImpl
INFO  | 2025-01-21 23:15:59 | [main] implementation.BookStoreDaoJDBCImpl (BookStoreDaoJDBCImpl.java:107) - getBookById
INFO  | 2025-01-21 23:15:59 | [main] factory.GetConnection (GetConnection.java:31) - Driver loaded
INFO  | 2025-01-21 23:15:59 | [main] factory.GetConnection (GetConnection.java:33) - Database connected
INFO  | 2025-01-21 23:15:59 | [main] implementation.BookStoreDaoJDBCImpl (BookStoreDaoJDBCImpl.java:106) - BookStoreDaoJDBCImpl
INFO  | 2025-01-21 23:15:59 | [main] implementation.BookStoreDaoJDBCImpl (BookStoreDaoJDBCImpl.java:107) - getBookById
INFO  | 2025-01-21 23:15:59 | [main] factory.GetConnection (GetConnection.java:31) - Driver loaded
INFO  | 2025-01-21 23:15:59 | [main] factory.GetConnection (GetConnection.java:33) - Database connected
INFO  | 2025-01-21 23:15:59 | [main] implementation.BookStoreDaoJDBCImpl (BookStoreDaoJDBCImpl.java:47) - BookStoreDaoJDBCImpl
INFO  | 2025-01-21 23:15:59 | [main] implementation.BookStoreDaoJDBCImpl (BookStoreDaoJDBCImpl.java:48) - addBook
INFO  | 2025-01-21 23:15:59 | [main] implementation.BookStoreDaoJDBCImpl (BookStoreDaoJDBCImpl.java:70) - BookStoreDaoJDBCImpl
INFO  | 2025-01-21 23:15:59 | [main] implementation.BookStoreDaoJDBCImpl (BookStoreDaoJDBCImpl.java:71) - deleteBook
INFO  | 2025-01-21 23:15:59 | [main] implementation.BookStoreDaoJDBCImpl (BookStoreDaoJDBCImpl.java:106) - BookStoreDaoJDBCImpl
INFO  | 2025-01-21 23:15:59 | [main] implementation.BookStoreDaoJDBCImpl (BookStoreDaoJDBCImpl.java:107) - getBookById
INFO  | 2025-01-21 23:15:59 | [main] factory.GetConnection (GetConnection.java:31) - Driver loaded
INFO  | 2025-01-21 23:15:59 | [main] factory.GetConnection (GetConnection.java:33) - Database connected
INFO  | 2025-01-21 23:15:59 | [main] implementation.BookStoreDaoJDBCImpl (BookStoreDaoJDBCImpl.java:106) - BookStoreDaoJDBCImpl
INFO  | 2025-01-21 23:15:59 | [main] implementation.BookStoreDaoJDBCImpl (BookStoreDaoJDBCImpl.java:107) - getBookById
INFO  | 2025-01-21 23:16:42 | [main] factory.GetConnection (GetConnection.java:31) - Driver loaded
INFO  | 2025-01-21 23:16:43 | [main] factory.GetConnection (GetConnection.java:33) - Database connected
INFO  | 2025-01-21 23:16:43 | [main] implementation.BookStoreDaoJDBCImpl (BookStoreDaoJDBCImpl.java:24) - BookStoreDaoJDBCImpl
INFO  | 2025-01-21 23:16:43 | [main] implementation.BookStoreDaoJDBCImpl (BookStoreDaoJDBCImpl.java:25) - getAllBooks
INFO  | 2025-01-21 23:16:43 | [main] factory.GetConnection (GetConnection.java:31) - Driver loaded
INFO  | 2025-01-21 23:16:43 | [main] factory.GetConnection (GetConnection.java:33) - Database connected
INFO  | 2025-01-21 23:16:43 | [main] implementation.BookStoreDaoJDBCImpl (BookStoreDaoJDBCImpl.java:106) - BookStoreDaoJDBCImpl
INFO  | 2025-01-21 23:16:43 | [main] implementation.BookStoreDaoJDBCImpl (BookStoreDaoJDBCImpl.java:107) - getBookById
INFO  | 2025-01-21 23:16:43 | [main] factory.GetConnection (GetConnection.java:31) - Driver loaded
INFO  | 2025-01-21 23:16:43 | [main] factory.GetConnection (GetConnection.java:33) - Database connected
INFO  | 2025-01-21 23:16:43 | [main] implementation.BookStoreDaoJDBCImpl (BookStoreDaoJDBCImpl.java:47) - BookStoreDaoJDBCImpl
INFO  | 2025-01-21 23:16:43 | [main] implementation.BookStoreDaoJDBCImpl (BookStoreDaoJDBCImpl.java:48) - addBook
INFO  | 2025-01-21 23:16:43 | [main] implementation.BookStoreDaoJDBCImpl (BookStoreDaoJDBCImpl.java:70) - BookStoreDaoJDBCImpl
INFO  | 2025-01-21 23:16:43 | [main] implementation.BookStoreDaoJDBCImpl (BookStoreDaoJDBCImpl.java:71) - deleteBook
INFO  | 2025-01-21 23:16:43 | [main] implementation.BookStoreDaoJDBCImpl (BookStoreDaoJDBCImpl.java:106) - BookStoreDaoJDBCImpl
INFO  | 2025-01-21 23:16:43 | [main] implementation.BookStoreDaoJDBCImpl (BookStoreDaoJDBCImpl.java:107) - getBookById
INFO  | 2025-01-21 23:16:43 | [main] factory.GetConnection (GetConnection.java:31) - Driver loaded
INFO  | 2025-01-21 23:16:43 | [main] factory.GetConnection (GetConnection.java:33) - Database connected
INFO  | 2025-01-21 23:16:43 | [main] implementation.BookStoreDaoJDBCImpl (BookStoreDaoJDBCImpl.java:106) - BookStoreDaoJDBCImpl
INFO  | 2025-01-21 23:16:43 | [main] implementation.BookStoreDaoJDBCImpl (BookStoreDaoJDBCImpl.java:107) - getBookById
INFO  | 2025-01-21 23:17:01 | [main] factory.GetConnection (GetConnection.java:31) - Driver loaded
INFO  | 2025-01-21 23:17:02 | [main] factory.GetConnection (GetConnection.java:33) - Database connected
INFO  | 2025-01-21 23:17:02 | [main] implementation.BookStoreDaoJDBCImpl (BookStoreDaoJDBCImpl.java:24) - BookStoreDaoJDBCImpl
INFO  | 2025-01-21 23:17:02 | [main] implementation.BookStoreDaoJDBCImpl (BookStoreDaoJDBCImpl.java:25) - getAllBooks
INFO  | 2025-01-21 23:17:02 | [main] factory.GetConnection (GetConnection.java:31) - Driver loaded
INFO  | 2025-01-21 23:17:02 | [main] factory.GetConnection (GetConnection.java:33) - Database connected
INFO  | 2025-01-21 23:17:02 | [main] implementation.BookStoreDaoJDBCImpl (BookStoreDaoJDBCImpl.java:106) - BookStoreDaoJDBCImpl
INFO  | 2025-01-21 23:17:02 | [main] implementation.BookStoreDaoJDBCImpl (BookStoreDaoJDBCImpl.java:107) - getBookById
INFO  | 2025-01-21 23:17:02 | [main] factory.GetConnection (GetConnection.java:31) - Driver loaded
INFO  | 2025-01-21 23:17:02 | [main] factory.GetConnection (GetConnection.java:33) - Database connected
INFO  | 2025-01-21 23:17:02 | [main] implementation.BookStoreDaoJDBCImpl (BookStoreDaoJDBCImpl.java:47) - BookStoreDaoJDBCImpl
INFO  | 2025-01-21 23:17:02 | [main] implementation.BookStoreDaoJDBCImpl (BookStoreDaoJDBCImpl.java:48) - addBook
INFO  | 2025-01-21 23:17:02 | [main] implementation.BookStoreDaoJDBCImpl (BookStoreDaoJDBCImpl.java:70) - BookStoreDaoJDBCImpl
INFO  | 2025-01-21 23:17:02 | [main] implementation.BookStoreDaoJDBCImpl (BookStoreDaoJDBCImpl.java:71) - deleteBook
INFO  | 2025-01-21 23:17:02 | [main] implementation.BookStoreDaoJDBCImpl (BookStoreDaoJDBCImpl.java:106) - BookStoreDaoJDBCImpl
INFO  | 2025-01-21 23:17:02 | [main] implementation.BookStoreDaoJDBCImpl (BookStoreDaoJDBCImpl.java:107) - getBookById
INFO  | 2025-01-21 23:17:02 | [main] factory.GetConnection (GetConnection.java:31) - Driver loaded
INFO  | 2025-01-21 23:17:02 | [main] factory.GetConnection (GetConnection.java:33) - Database connected
INFO  | 2025-01-21 23:17:02 | [main] implementation.BookStoreDaoJDBCImpl (BookStoreDaoJDBCImpl.java:106) - BookStoreDaoJDBCImpl
INFO  | 2025-01-21 23:17:02 | [main] implementation.BookStoreDaoJDBCImpl (BookStoreDaoJDBCImpl.java:107) - getBookById
INFO  | 2025-01-22 09:14:08 | [main] factory.GetConnection (GetConnection.java:31) - Driver loaded
INFO  | 2025-01-22 09:14:09 | [main] factory.GetConnection (GetConnection.java:33) - Database connected
INFO  | 2025-01-22 09:14:09 | [main] implementation.BookStoreDaoJDBCImpl (BookStoreDaoJDBCImpl.java:47) - BookStoreDaoJDBCImpl
INFO  | 2025-01-22 09:14:09 | [main] implementation.BookStoreDaoJDBCImpl (BookStoreDaoJDBCImpl.java:48) - addBook
INFO  | 2025-01-22 09:14:38 | [main] factory.GetConnection (GetConnection.java:31) - Driver loaded
INFO  | 2025-01-22 09:14:38 | [main] factory.GetConnection (GetConnection.java:33) - Database connected
INFO  | 2025-01-22 09:14:38 | [main] implementation.BookStoreDaoJDBCImpl (BookStoreDaoJDBCImpl.java:47) - BookStoreDaoJDBCImpl
INFO  | 2025-01-22 09:14:38 | [main] implementation.BookStoreDaoJDBCImpl (BookStoreDaoJDBCImpl.java:48) - addBook
INFO  | 2025-01-22 09:14:38 | [main] implementation.BookStoreDaoJDBCImpl (BookStoreDaoJDBCImpl.java:106) - BookStoreDaoJDBCImpl
INFO  | 2025-01-22 09:14:38 | [main] implementation.BookStoreDaoJDBCImpl (BookStoreDaoJDBCImpl.java:107) - getBookById
